  server.c
C:\Users\user\Downloads\programing_Suhang-main\programing_Suhang-main\Server\Server\server.c(203,11): warning C4244: '함수': 'time_t'에서 'unsigned int'(으)로 변환하면서 데이터가 손실될 수 있습니다.
C:\Users\user\Downloads\programing_Suhang-main\programing_Suhang-main\Server\Server\server.c(627,9): warning C4996: 'kbhit': The POSIX name for this item is deprecated. Instead, use the ISO C and C++ conformant name: _kbhit. See online help for details.
C:\Users\user\Downloads\programing_Suhang-main\programing_Suhang-main\Server\Server\server.c(628,19): warning C4996: 'getch': The POSIX name for this item is deprecated. Instead, use the ISO C and C++ conformant name: _getch. See online help for details.
C:\Users\user\Downloads\programing_Suhang-main\programing_Suhang-main\Server\Server\server.c(630,23): warning C4996: 'getch': The POSIX name for this item is deprecated. Instead, use the ISO C and C++ conformant name: _getch. See online help for details.
C:\Users\user\Downloads\programing_Suhang-main\programing_Suhang-main\Server\Server\server.c(813,32): warning C4267: '+=': 'size_t'에서 'int'(으)로 변환하면서 데이터가 손실될 수 있습니다.
C:\Users\user\Downloads\programing_Suhang-main\programing_Suhang-main\Server\Server\server.c(802,16): warning C4996: 'fopen': This function or variable may be unsafe. Consider using fopen_s instead. To disable deprecation, use _CRT_SECURE_NO_WARNINGS. See online help for details.
C:\Users\user\Downloads\programing_Suhang-main\programing_Suhang-main\Server\Server\server.c(817,17): warning C4996: 'strcpy': This function or variable may be unsafe. Consider using strcpy_s instead. To disable deprecation, use _CRT_SECURE_NO_WARNINGS. See online help for details.
C:\Users\user\Downloads\programing_Suhang-main\programing_Suhang-main\Server\Server\server.c(829,5): warning C4996: 'scanf': This function or variable may be unsafe. Consider using scanf_s instead. To disable deprecation, use _CRT_SECURE_NO_WARNINGS. See online help for details.
C:\Users\user\Downloads\programing_Suhang-main\programing_Suhang-main\Server\Server\server.c(830,5): warning C4996: 'strcat': This function or variable may be unsafe. Consider using strcat_s instead. To disable deprecation, use _CRT_SECURE_NO_WARNINGS. See online help for details.
C:\Users\user\Downloads\programing_Suhang-main\programing_Suhang-main\Server\Server\server.c(842,21): warning C4996: 'strcpy': This function or variable may be unsafe. Consider using strcpy_s instead. To disable deprecation, use _CRT_SECURE_NO_WARNINGS. See online help for details.
C:\Users\user\Downloads\programing_Suhang-main\programing_Suhang-main\Server\Server\server.c(850,16): warning C4996: 'fopen': This function or variable may be unsafe. Consider using fopen_s instead. To disable deprecation, use _CRT_SECURE_NO_WARNINGS. See online help for details.
C:\Users\user\Downloads\programing_Suhang-main\programing_Suhang-main\Server\Server\server.c(854,9): warning C4996: 'sprintf': This function or variable may be unsafe. Consider using sprintf_s instead. To disable deprecation, use _CRT_SECURE_NO_WARNINGS. See online help for details.
C:\Users\user\Downloads\programing_Suhang-main\programing_Suhang-main\Server\Server\server.c(804,9): warning C4101: 'i' :참조되지 않은 지역 변수입니다.
C:\Users\user\Downloads\programing_Suhang-main\programing_Suhang-main\Server\Server\server.c(876,32): warning C4267: '+=': 'size_t'에서 'int'(으)로 변환하면서 데이터가 손실될 수 있습니다.
C:\Users\user\Downloads\programing_Suhang-main\programing_Suhang-main\Server\Server\server.c(865,16): warning C4996: 'fopen': This function or variable may be unsafe. Consider using fopen_s instead. To disable deprecation, use _CRT_SECURE_NO_WARNINGS. See online help for details.
C:\Users\user\Downloads\programing_Suhang-main\programing_Suhang-main\Server\Server\server.c(867,9): warning C4101: 'i' :참조되지 않은 지역 변수입니다.
C:\Users\user\Downloads\programing_Suhang-main\programing_Suhang-main\Server\Server\server.c(325): warning C4715: 'color': 모든 제어 경로에서 값을 반환하지는 않습니다.
C:\Users\user\Downloads\programing_Suhang-main\programing_Suhang-main\Server\Server\server.c(407): warning C4715: 'hard_drop': 모든 제어 경로에서 값을 반환하지는 않습니다.
C:\Users\user\Downloads\programing_Suhang-main\programing_Suhang-main\Server\Server\server.c(648): warning C4715: 'input': 모든 제어 경로에서 값을 반환하지는 않습니다.
C:\Users\user\Downloads\programing_Suhang-main\programing_Suhang-main\Server\Server\server.c(750): warning C4715: 'is_FullLine': 모든 제어 경로에서 값을 반환하지는 않습니다.
C:\Users\user\Downloads\programing_Suhang-main\programing_Suhang-main\Server\Server\server.c(798): warning C4715: 'is_GameOver': 모든 제어 경로에서 값을 반환하지는 않습니다.
C:\Users\user\Downloads\programing_Suhang-main\programing_Suhang-main\Server\Server\server.c(859): warning C4716: 'change_Ranking': 값을 반환해야 합니다.
C:\Users\user\Downloads\programing_Suhang-main\programing_Suhang-main\Server\Server\server.c(885): warning C4716: 'print_Ranking': 값을 반환해야 합니다.
  Server.vcxproj -> C:\Users\user\Downloads\programing_Suhang-main\programing_Suhang-main\Server\x64\Debug\Server.exe
