  client.c
C:\Users\user\Downloads\programing_Suhang-main\programing_Suhang-main\Client\Client\client.c(184,11): warning C4244: '함수': 'time_t'에서 'unsigned int'(으)로 변환하면서 데이터가 손실될 수 있습니다.
C:\Users\user\Downloads\programing_Suhang-main\programing_Suhang-main\Client\Client\client.c(175,30): warning C4996: 'inet_addr': Use inet_pton() or InetPton() instead or define _WINSOCK_DEPRECATED_NO_WARNINGS to disable deprecated API warnings
C:\Users\user\Downloads\programing_Suhang-main\programing_Suhang-main\Client\Client\client.c(569,9): warning C4996: 'kbhit': The POSIX name for this item is deprecated. Instead, use the ISO C and C++ conformant name: _kbhit. See online help for details.
C:\Users\user\Downloads\programing_Suhang-main\programing_Suhang-main\Client\Client\client.c(570,19): warning C4996: 'getch': The POSIX name for this item is deprecated. Instead, use the ISO C and C++ conformant name: _getch. See online help for details.
C:\Users\user\Downloads\programing_Suhang-main\programing_Suhang-main\Client\Client\client.c(572,23): warning C4996: 'getch': The POSIX name for this item is deprecated. Instead, use the ISO C and C++ conformant name: _getch. See online help for details.
C:\Users\user\Downloads\programing_Suhang-main\programing_Suhang-main\Client\Client\client.c(754,32): warning C4267: '+=': 'size_t'에서 'int'(으)로 변환하면서 데이터가 손실될 수 있습니다.
C:\Users\user\Downloads\programing_Suhang-main\programing_Suhang-main\Client\Client\client.c(743,16): warning C4996: 'fopen': This function or variable may be unsafe. Consider using fopen_s instead. To disable deprecation, use _CRT_SECURE_NO_WARNINGS. See online help for details.
C:\Users\user\Downloads\programing_Suhang-main\programing_Suhang-main\Client\Client\client.c(758,17): warning C4996: 'strcpy': This function or variable may be unsafe. Consider using strcpy_s instead. To disable deprecation, use _CRT_SECURE_NO_WARNINGS. See online help for details.
C:\Users\user\Downloads\programing_Suhang-main\programing_Suhang-main\Client\Client\client.c(770,5): warning C4996: 'scanf': This function or variable may be unsafe. Consider using scanf_s instead. To disable deprecation, use _CRT_SECURE_NO_WARNINGS. See online help for details.
C:\Users\user\Downloads\programing_Suhang-main\programing_Suhang-main\Client\Client\client.c(771,5): warning C4996: 'strcat': This function or variable may be unsafe. Consider using strcat_s instead. To disable deprecation, use _CRT_SECURE_NO_WARNINGS. See online help for details.
C:\Users\user\Downloads\programing_Suhang-main\programing_Suhang-main\Client\Client\client.c(783,21): warning C4996: 'strcpy': This function or variable may be unsafe. Consider using strcpy_s instead. To disable deprecation, use _CRT_SECURE_NO_WARNINGS. See online help for details.
C:\Users\user\Downloads\programing_Suhang-main\programing_Suhang-main\Client\Client\client.c(791,16): warning C4996: 'fopen': This function or variable may be unsafe. Consider using fopen_s instead. To disable deprecation, use _CRT_SECURE_NO_WARNINGS. See online help for details.
C:\Users\user\Downloads\programing_Suhang-main\programing_Suhang-main\Client\Client\client.c(795,9): warning C4996: 'sprintf': This function or variable may be unsafe. Consider using sprintf_s instead. To disable deprecation, use _CRT_SECURE_NO_WARNINGS. See online help for details.
C:\Users\user\Downloads\programing_Suhang-main\programing_Suhang-main\Client\Client\client.c(745,9): warning C4101: 'i' :참조되지 않은 지역 변수입니다.
C:\Users\user\Downloads\programing_Suhang-main\programing_Suhang-main\Client\Client\client.c(817,32): warning C4267: '+=': 'size_t'에서 'int'(으)로 변환하면서 데이터가 손실될 수 있습니다.
C:\Users\user\Downloads\programing_Suhang-main\programing_Suhang-main\Client\Client\client.c(806,16): warning C4996: 'fopen': This function or variable may be unsafe. Consider using fopen_s instead. To disable deprecation, use _CRT_SECURE_NO_WARNINGS. See online help for details.
C:\Users\user\Downloads\programing_Suhang-main\programing_Suhang-main\Client\Client\client.c(808,9): warning C4101: 'i' :참조되지 않은 지역 변수입니다.
C:\Users\user\Downloads\programing_Suhang-main\programing_Suhang-main\Client\Client\client.c(294): warning C4715: 'color': 모든 제어 경로에서 값을 반환하지는 않습니다.
C:\Users\user\Downloads\programing_Suhang-main\programing_Suhang-main\Client\Client\client.c(376): warning C4715: 'hard_drop': 모든 제어 경로에서 값을 반환하지는 않습니다.
C:\Users\user\Downloads\programing_Suhang-main\programing_Suhang-main\Client\Client\client.c(691): warning C4715: 'is_FullLine': 모든 제어 경로에서 값을 반환하지는 않습니다.
C:\Users\user\Downloads\programing_Suhang-main\programing_Suhang-main\Client\Client\client.c(739): warning C4715: 'is_GameOver': 모든 제어 경로에서 값을 반환하지는 않습니다.
C:\Users\user\Downloads\programing_Suhang-main\programing_Suhang-main\Client\Client\client.c(826): warning C4716: 'print_Ranking': 값을 반환해야 합니다.
C:\Users\user\Downloads\programing_Suhang-main\programing_Suhang-main\Client\Client\client.c(800): warning C4716: 'change_Ranking': 값을 반환해야 합니다.
  Client.vcxproj -> C:\Users\user\Downloads\programing_Suhang-main\programing_Suhang-main\Client\x64\Debug\Client.exe
